<?xml version="1.0" encoding="UTF-8"?>
<!-- Generated by org.testng.reporters.JUnitReportReporter -->
<testsuite hostname="raza" failures="0" tests="1" name="Section_2.prog" time="0.018" errors="0" timestamp="2023-05-24T21:11:58 IST" skipped="0">
  <testcase classname="Section_2.prog" name="m" time="0.018"/>
  <system-out/>
</testsuite> <!-- Section_2.prog -->
